<?xml version="1.0" encoding="UTF-8"?>
<!-- Generated by org.testng.reporters.JUnitReportReporter -->
<testsuite hostname="nazarenkod" name="tests.SearchServiceTest" tests="1" failures="0" timestamp="22 Oct 2015 13:52:54 GMT" time="0.516" errors="0">
  <testcase name="simpleValidSearchTest" time="0.516" classname="tests.SearchServiceTest"/>
</testsuite> <!-- tests.SearchServiceTest -->
