<?xml version="1.0" encoding="UTF-8"?>
<!-- Generated by org.testng.reporters.JUnitReportReporter -->
<testsuite hostname="nazarenkod" name="tests.AccessToDocumentByCodeTest" tests="1" failures="0" timestamp="22 Oct 2015 13:52:54 GMT" time="22.993" errors="0">
  <testcase name="getAccessToDocumentTest" time="22.993" classname="tests.AccessToDocumentByCodeTest"/>
</testsuite> <!-- tests.AccessToDocumentByCodeTest -->
