<?xml version="1.0" encoding="UTF-8"?>
<!-- Generated by org.testng.reporters.JUnitReportReporter -->
<testsuite hostname="nazarenkod" name="tests.AccessToDocumentByCodeTest" tests="1" failures="0" timestamp="22 Oct 2015 12:23:07 GMT" time="23.928" errors="0">
  <testcase name="getAccessToDocumentTest" time="23.928" classname="tests.AccessToDocumentByCodeTest"/>
</testsuite> <!-- tests.AccessToDocumentByCodeTest -->
