<?xml version="1.0" encoding="UTF-8"?>
<!-- Generated by org.testng.reporters.JUnitReportReporter -->
<testsuite hostname="nazarenkod" name="tests.AccessToDocumentTest" tests="1" failures="0" timestamp="22 Oct 2015 11:44:10 GMT" time="17.248" errors="0">
  <testcase name="getAccessToDocumentTest" time="17.248" classname="tests.AccessToDocumentTest"/>
</testsuite> <!-- tests.AccessToDocumentTest -->
