<?xml version="1.0" encoding="UTF-8"?>
<!-- Generated by org.testng.reporters.JUnitReportReporter -->
<testsuite hostname="nazarenkod" name="tests.MyLogTest" tests="1" failures="0" timestamp="22 Oct 2015 12:23:07 GMT" time="9.591" errors="0">
  <testcase name="myLogTest" time="9.591" classname="tests.MyLogTest"/>
</testsuite> <!-- tests.MyLogTest -->
